<?xml version="1.0" encoding="UTF-8"?>
<!-- Generated by org.testng.reporters.JUnitReportReporter -->
<testsuite hostname="LAPTOP-5BJUDO0N" failures="0" tests="8" name="com.crm.qa.testcases.HomePageTest" time="162.572" errors="0" timestamp="2020-09-09T02:59:39 SGT" skipped="0">
  <testcase classname="com.crm.qa.testcases.HomePageTest" name="TC2_Verify_Landing_Page" time="17.887"/>
  <system-out/>
  <testcase classname="com.crm.qa.testcases.HomePageTest" name="TC4_Standard_User_Verify_Sort_Name_Z_to_A" time="17.699"/>
  <system-out/>
  <testcase classname="com.crm.qa.testcases.HomePageTest" name="TC3_Standard_User_Verify_Sort_Name_A_to_Z" time="19.492"/>
  <system-out/>
  <testcase classname="com.crm.qa.testcases.HomePageTest" name="TC5_Standard_User_Verify_Sort_Price_Low_to_High" time="19.293"/>
  <system-out/>
  <testcase classname="com.crm.qa.testcases.HomePageTest" name="TC6_Standard_User_Verify_Sort_Price_High_to_Low" time="23.123"/>
  <system-out/>
  <testcase classname="com.crm.qa.testcases.HomePageTest" name="TC7_Product_Cart_Icon_Displayed" time="21.887"/>
  <system-out/>
  <testcase classname="com.crm.qa.testcases.HomePageTest" name="TC8_Standard_User_Login_Product_Details_Page_Add_to_Cart" time="22.325"/>
  <system-out/>
  <testcase classname="com.crm.qa.testcases.HomePageTest" name="TC9_Standard_User_Login_Product_Details_Page_Add_to_Cart_Multiple_Products_Add" time="20.866"/>
  <system-out/>
</testsuite> <!-- com.crm.qa.testcases.HomePageTest -->
