<?xml version="1.0" encoding="UTF-8"?>
<!-- Generated by org.testng.reporters.JUnitReportReporter -->
<testsuite hostname="LAPTOP-5BJUDO0N" failures="0" tests="2" name="com.crm.qa.testcases.FinishPageTest" time="39.441" errors="0" timestamp="2020-09-09T02:59:39 SGT" skipped="0">
  <testcase classname="com.crm.qa.testcases.FinishPageTest" name="TC18_Standard_User_Login_Cart_Checkout_Finish_Page" time="19.777"/>
  <system-out/>
  <testcase classname="com.crm.qa.testcases.FinishPageTest" name="TC19_Standard_User_Login_Cart_Checkout_Finish_Page_Logout" time="19.664"/>
  <system-out/>
</testsuite> <!-- com.crm.qa.testcases.FinishPageTest -->
