<?xml version="1.0" encoding="UTF-8"?>
<!-- Generated by org.testng.reporters.JUnitReportReporter -->
<testsuite hostname="LAPTOP-5BJUDO0N" failures="0" tests="5" name="com.crm.qa.testcases.CheckOutPageTest" time="117.222" errors="0" timestamp="2020-09-09T02:59:39 SGT" skipped="0">
  <testcase classname="com.crm.qa.testcases.CheckOutPageTest" name="TC12_Standard_User_Login_Cart_Checkout_Your_Info_Page" time="22.136"/>
  <system-out/>
  <testcase classname="com.crm.qa.testcases.CheckOutPageTest" name="TC13_Standard_User_Login_Cart_Checkout_Your_Info_Page_Navigation" time="20.824"/>
  <system-out/>
  <testcase classname="com.crm.qa.testcases.CheckOutPageTest" name="TC14_Standard_User_Login_Cart_Checkout_Overview_Page_FirstName_Validation" time="24.931"/>
  <system-out/>
  <testcase classname="com.crm.qa.testcases.CheckOutPageTest" name="TC15_Standard_User_Login_Cart_Checkout_Overview_Page_LastName_Validation" time="28.020"/>
  <system-out/>
  <testcase classname="com.crm.qa.testcases.CheckOutPageTest" name="TC16_Standard_User_Login_Cart_Checkout_Overview_Page_PostalCode_Validation" time="21.311"/>
  <system-out/>
</testsuite> <!-- com.crm.qa.testcases.CheckOutPageTest -->
