<?xml version="1.0" encoding="UTF-8"?>
<!-- Generated by org.testng.reporters.JUnitReportReporter -->
<testsuite hostname="LAPTOP-5BJUDO0N" failures="0" tests="2" name="com.qa.testcases.FinishPageTest" time="51.552" errors="0" timestamp="2020-09-09T17:20:14 SGT" skipped="0">
  <testcase classname="com.qa.testcases.FinishPageTest" name="TC18_Standard_User_Login_Cart_Checkout_Finish_Page" time="25.789"/>
  <system-out/>
  <testcase classname="com.qa.testcases.FinishPageTest" name="TC19_Standard_User_Login_Cart_Checkout_Finish_Page_Logout" time="25.763"/>
  <system-out/>
</testsuite> <!-- com.qa.testcases.FinishPageTest -->
