<?xml version="1.0" encoding="UTF-8"?>
<!-- Generated by org.testng.reporters.JUnitReportReporter -->
<testsuite hostname="LAPTOP-5BJUDO0N" failures="0" tests="2" name="com.crm.qa.testcases.CheckoutOverviewPageTest" time="40.762" errors="0" timestamp="2020-09-09T02:59:39 SGT" skipped="0">
  <testcase classname="com.crm.qa.testcases.CheckoutOverviewPageTest" name="TC17_Standard_User_Login_Verify_Product_Total" time="18.113"/>
  <system-out/>
  <testcase classname="com.crm.qa.testcases.CheckoutOverviewPageTest" name="TC18_Standard_User_Login_Cart_Checkout_Finish_Page" time="22.649"/>
  <system-out/>
</testsuite> <!-- com.crm.qa.testcases.CheckoutOverviewPageTest -->
