<?xml version="1.0" encoding="UTF-8"?>
<!-- Generated by org.testng.reporters.JUnitReportReporter -->
<testsuite hostname="LAPTOP-5BJUDO0N" failures="0" tests="2" name="com.qa.testcases.LoginPageTest" time="28.593" errors="0" timestamp="2020-09-09T17:20:14 SGT" skipped="0">
  <testcase classname="com.qa.testcases.LoginPageTest" name="TC1_Login_Page_Standard_User_Login" time="17.560"/>
  <system-out/>
  <testcase classname="com.qa.testcases.LoginPageTest" name="TC2_Login_Page_Locked_Out_User_Login" time="11.033"/>
  <system-out/>
</testsuite> <!-- com.qa.testcases.LoginPageTest -->
