<?xml version="1.0" encoding="UTF-8"?>
<!-- Generated by org.testng.reporters.JUnitReportReporter -->
<testsuite hostname="LAPTOP-5BJUDO0N" failures="0" tests="2" name="com.crm.qa.testcases.CartPageTest" time="34.184" errors="0" timestamp="2020-09-09T03:58:03 SGT" skipped="0">
  <testcase classname="com.crm.qa.testcases.CartPageTest" name="TC10_Standard_User_Login_Add_Products_To_Cart_And_Remove" time="17.900"/>
  <system-out/>
  <testcase classname="com.crm.qa.testcases.CartPageTest" name="TC11_Standard_User_Login_Product_Details_Page_Your_Cart_Functionality_Continue_Shopping" time="16.284"/>
  <system-out/>
</testsuite> <!-- com.crm.qa.testcases.CartPageTest -->
