<?xml version="1.0" encoding="UTF-8"?>
<!-- Generated by org.testng.reporters.JUnitReportReporter -->
<testsuite hostname="LAPTOP-5BJUDO0N" failures="0" tests="2" name="com.qa.testcases.CartPageTest" time="58.557" errors="0" timestamp="2020-09-09T17:20:14 SGT" skipped="0">
  <testcase classname="com.qa.testcases.CartPageTest" name="TC10_Standard_User_Login_Add_Products_To_Cart_And_Remove" time="32.203"/>
  <system-out/>
  <testcase classname="com.qa.testcases.CartPageTest" name="TC11_Standard_User_Login_Product_Details_Page_Your_Cart_Functionality_Continue_Shopping" time="26.354"/>
  <system-out/>
</testsuite> <!-- com.qa.testcases.CartPageTest -->
