<?xml version="1.0" encoding="UTF-8"?>
<!-- Generated by org.testng.reporters.JUnitReportReporter -->
<testsuite hostname="LAPTOP-5BJUDO0N" failures="0" tests="8" name="com.qa.testcases.HomePageTest" time="193.169" errors="0" timestamp="2020-09-09T17:20:14 SGT" skipped="0">
  <testcase classname="com.qa.testcases.HomePageTest" name="TC2_Verify_Landing_Page" time="24.728"/>
  <system-out/>
  <testcase classname="com.qa.testcases.HomePageTest" name="TC4_Standard_User_Verify_Sort_Name_Z_to_A" time="22.246"/>
  <system-out/>
  <testcase classname="com.qa.testcases.HomePageTest" name="TC3_Standard_User_Verify_Sort_Name_A_to_Z" time="20.024"/>
  <system-out/>
  <testcase classname="com.qa.testcases.HomePageTest" name="TC5_Standard_User_Verify_Sort_Price_Low_to_High" time="20.249"/>
  <system-out/>
  <testcase classname="com.qa.testcases.HomePageTest" name="TC6_Standard_User_Verify_Sort_Price_High_to_Low" time="18.495"/>
  <system-out/>
  <testcase classname="com.qa.testcases.HomePageTest" name="TC7_Product_Cart_Icon_Displayed" time="16.308"/>
  <system-out/>
  <testcase classname="com.qa.testcases.HomePageTest" name="TC8_Standard_User_Login_Product_Details_Page_Add_to_Cart" time="25.019"/>
  <system-out/>
  <testcase classname="com.qa.testcases.HomePageTest" name="TC9_Standard_User_Login_Product_Details_Page_Add_to_Cart_Multiple_Products_Add" time="46.100"/>
  <system-out/>
</testsuite> <!-- com.qa.testcases.HomePageTest -->
