<?xml version="1.0" encoding="UTF-8"?>
<!-- Generated by org.testng.reporters.JUnitReportReporter -->
<testsuite hostname="LAPTOP-5BJUDO0N" failures="0" tests="2" name="com.crm.qa.testcases.LoginPageTest" time="29.437" errors="0" timestamp="2020-09-09T02:59:39 SGT" skipped="0">
  <testcase classname="com.crm.qa.testcases.LoginPageTest" name="TC1_Login_Page_Standard_User_Login" time="18.609"/>
  <system-out/>
  <testcase classname="com.crm.qa.testcases.LoginPageTest" name="TC2_Login_Page_Locked_Out_User_Login" time="10.828"/>
  <system-out/>
</testsuite> <!-- com.crm.qa.testcases.LoginPageTest -->
