<?xml version="1.0" encoding="UTF-8"?>
<!-- Generated by org.testng.reporters.JUnitReportReporter -->
<testsuite hostname="LAPTOP-5BJUDO0N" failures="0" tests="2" name="com.qa.testcases.CheckoutOverviewPageTest" time="83.904" errors="0" timestamp="2020-09-09T17:20:14 SGT" skipped="0">
  <testcase classname="com.qa.testcases.CheckoutOverviewPageTest" name="TC17_Standard_User_Login_Verify_Product_Total" time="35.834"/>
  <system-out/>
  <testcase classname="com.qa.testcases.CheckoutOverviewPageTest" name="TC18_Standard_User_Login_Cart_Checkout_Finish_Page" time="48.070"/>
  <system-out/>
</testsuite> <!-- com.qa.testcases.CheckoutOverviewPageTest -->
