<?xml version="1.0" encoding="UTF-8"?>
<!-- Generated by org.testng.reporters.JUnitReportReporter -->
<testsuite hostname="LAPTOP-5BJUDO0N" failures="0" tests="5" name="com.qa.testcases.CheckOutPageTest" time="139.767" errors="0" timestamp="2020-09-09T17:20:14 SGT" skipped="0">
  <testcase classname="com.qa.testcases.CheckOutPageTest" name="TC12_Standard_User_Login_Cart_Checkout_Your_Info_Page" time="18.660"/>
  <system-out/>
  <testcase classname="com.qa.testcases.CheckOutPageTest" name="TC13_Standard_User_Login_Cart_Checkout_Your_Info_Page_Navigation" time="35.018"/>
  <system-out/>
  <testcase classname="com.qa.testcases.CheckOutPageTest" name="TC14_Standard_User_Login_Cart_Checkout_Overview_Page_FirstName_Validation" time="35.866"/>
  <system-out/>
  <testcase classname="com.qa.testcases.CheckOutPageTest" name="TC15_Standard_User_Login_Cart_Checkout_Overview_Page_LastName_Validation" time="29.834"/>
  <system-out/>
  <testcase classname="com.qa.testcases.CheckOutPageTest" name="TC16_Standard_User_Login_Cart_Checkout_Overview_Page_PostalCode_Validation" time="20.389"/>
  <system-out/>
</testsuite> <!-- com.qa.testcases.CheckOutPageTest -->
